<?xml version="1.0" encoding="UTF-8"?>
<!-- Generated by org.testng.reporters.JUnitReportReporter -->
<testsuite hostname="LAPTOP-4C46KJHR" failures="0" tests="1" name="testCases.TC_001_AccountRegisterationTest" time="2.223" errors="0" timestamp="2023-06-13T06:10:34 IST" skipped="0">
  <testcase classname="testCases.TC_001_AccountRegisterationTest" name="test" time="2.223"/>
  <system-out/>
</testsuite> <!-- testCases.TC_001_AccountRegisterationTest -->
